<?xml version="1.0" encoding="UTF-8"?>
<testsuite name="edu.bsu.cs.HigherOrderFunctionsLearningTest" tests="12" skipped="0" failures="0" errors="0" timestamp="2021-05-03T19:21:24" hostname="DESKTOP-O4LLFQI" time="0.406">
  <properties/>
  <testcase name="testMap()" classname="edu.bsu.cs.HigherOrderFunctionsLearningTest" time="0.025"/>
  <testcase name="testCountChangesByMonth()" classname="edu.bsu.cs.HigherOrderFunctionsLearningTest" time="0.317"/>
  <testcase name="testCountChangesInFebruary()" classname="edu.bsu.cs.HigherOrderFunctionsLearningTest" time="0.013"/>
  <testcase name="testCountNonBots()" classname="edu.bsu.cs.HigherOrderFunctionsLearningTest" time="0.008"/>
  <testcase name="testReadRevisions()" classname="edu.bsu.cs.HigherOrderFunctionsLearningTest" time="0.006"/>
  <testcase name="testCollect()" classname="edu.bsu.cs.HigherOrderFunctionsLearningTest" time="0.001"/>
  <testcase name="testCountByDate()" classname="edu.bsu.cs.HigherOrderFunctionsLearningTest" time="0.005"/>
  <testcase name="testDistinct()" classname="edu.bsu.cs.HigherOrderFunctionsLearningTest" time="0.002"/>
  <testcase name="testFilter()" classname="edu.bsu.cs.HigherOrderFunctionsLearningTest" time="0.002"/>
  <testcase name="testDetermineMostActiveMonth()" classname="edu.bsu.cs.HigherOrderFunctionsLearningTest" time="0.008"/>
  <testcase name="testConcatEven()" classname="edu.bsu.cs.HigherOrderFunctionsLearningTest" time="0.003"/>
  <testcase name="testCountWhitelisted()" classname="edu.bsu.cs.HigherOrderFunctionsLearningTest" time="0.007"/>
  <system-out><![CDATA[]]></system-out>
  <system-err><![CDATA[]]></system-err>
</testsuite>
